<?xml version="1.0" encoding="UTF-8"?>
<!-- Generated by org.testng.reporters.JUnitReportReporter -->
<testsuite hostname="wws-cpu-o-14" failures="0" tests="1" name="MavenTest.Test.TESTNG" time="33.785" errors="0" timestamp="2024-03-22T17:37:22 IST" skipped="0">
  <testcase classname="MavenTest.Test.TESTNG" name="SearchByDateDispatch" time="33.785"/>
</testsuite> <!-- MavenTest.Test.TESTNG -->
