<?xml version="1.0" encoding="UTF-8"?>
<!-- Generated by org.testng.reporters.JUnitReportReporter -->
<testsuite hostname="Abhishek" failures="0" tests="1" name="EnricoFucci.Test.TESTNG" time="30.080" errors="0" timestamp="2024-03-25T09:48:32 IST" skipped="0">
  <testcase classname="EnricoFucci.Test.TESTNG" name="ShowTableDatabySearch" time="30.080"/>
</testsuite> <!-- EnricoFucci.Test.TESTNG -->
