<?xml version="1.0" encoding="UTF-8"?>
<!-- Generated by org.testng.reporters.JUnitReportReporter -->
<testsuite hostname="Abhishek" failures="0" tests="1" name="MavenTest.Test.TESTNG" time="20.157" errors="0" timestamp="2024-03-25T09:36:16 IST" skipped="0">
  <testcase classname="MavenTest.Test.TESTNG" name="SearchByDateDispatch" time="20.157"/>
</testsuite> <!-- MavenTest.Test.TESTNG -->
