<?xml version="1.0" encoding="UTF-8"?>
<!-- Generated by org.testng.reporters.JUnitReportReporter -->
<testsuite hostname="Abhishek" failures="0" tests="1" name="LineHaul.DispatchForm" time="19.897" errors="0" timestamp="2024-03-25T10:01:50 IST" skipped="0">
  <testcase classname="LineHaul.DispatchForm" name="SearchByDateDispatch" time="19.897"/>
</testsuite> <!-- LineHaul.DispatchForm -->
